[INFO ] 2022-07-04 23:23:22.908 [main] creatingUser - Test Execution Started
[INFO ] 2022-07-04 23:23:41.551 [main] creatingUser - New User creation is done successfully
[INFO ] 2022-07-04 23:28:40.076 [main] creatingUser - Test Execution Started
[INFO ] 2022-07-04 23:28:54.837 [main] creatingUser - New User creation is done successfully
[INFO ] 2022-07-04 23:30:20.997 [main] creatingUser - Test Execution Started
[INFO ] 2022-07-04 23:30:35.212 [main] creatingUser - New User creation is done successfully
[INFO ] 2022-07-04 23:32:17.273 [main] creatingUser - Test Execution Started
[INFO ] 2022-07-04 23:32:32.155 [main] creatingUser - New User creation is done successfully
[INFO ] 2022-07-04 23:39:55.361 [main] creatingUser - Test Execution Started
[INFO ] 2022-07-05 00:00:44.515 [main] creatingUser - Test Execution Started
[INFO ] 2022-07-05 00:03:41.009 [main] creatingUser - Test Execution Started
[INFO ] 2022-07-05 00:03:56.055 [main] creatingUser - New User creation is done successfully
[INFO ] 2022-07-05 00:05:05.036 [main] creatingUser - Test Execution Started
[INFO ] 2022-07-05 00:05:37.476 [main] creatingUser - New User creation is done successfully
[INFO ] 2022-07-05 00:07:08.978 [main] creatingUser - Test Execution Started
[INFO ] 2022-07-05 00:07:18.324 [main] creatingUser - New User creation is done successfully
[INFO ] 2022-07-05 00:18:09.023 [main] creatingUser - Test Execution Started
[INFO ] 2022-07-05 00:23:04.808 [main] creatingUser - Test Execution Started
[INFO ] 2022-07-05 00:30:30.686 [main] creatingUser - Test Execution Started
[INFO ] 2022-07-05 00:36:06.950 [main] creatingUser - Test Execution Started
[INFO ] 2022-07-05 00:38:02.720 [main] creatingUser - Test Execution Started
[INFO ] 2022-07-05 00:40:22.091 [main] creatingUser - Test Execution Started
[INFO ] 2022-07-05 00:41:30.255 [main] creatingUser - Test Execution Started
[INFO ] 2022-07-05 00:41:39.474 [main] creatingUser - New User creation is done successfully
[INFO ] 2022-07-05 00:45:02.282 [main] creatingUser - Test Execution Started
[INFO ] 2022-07-05 00:45:11.961 [main] creatingUser - New User creation is done successfully
[INFO ] 2022-07-05 09:06:16.001 [main] creatingUser - Test Execution Started
[INFO ] 2022-07-05 09:06:29.567 [main] creatingUser - New User creation is done successfully
[INFO ] 2022-07-06 08:03:55.083 [main] creatingUser - Test Execution Started
[INFO ] 2022-07-06 08:04:04.880 [main] creatingUser - New User creation is done successfully
[INFO ] 2022-07-06 08:09:06.478 [main] creatingUser - Test Execution Started
[INFO ] 2022-07-06 08:10:12.530 [main] creatingUser - New User is not successful
[INFO ] 2022-07-06 08:11:48.916 [main] creatingUser - Test Execution Started
[INFO ] 2022-07-06 08:15:43.207 [main] creatingUser - Test Execution Started
[INFO ] 2022-07-06 08:21:29.613 [main] creatingUser - Test Execution Started
[INFO ] 2022-07-06 08:27:02.605 [main] creatingUser - Test Execution Started
[INFO ] 2022-07-06 08:28:43.393 [main] creatingUser - Test Execution Started
[INFO ] 2022-07-06 08:32:18.813 [main] creatingUser - Test Execution Started
[INFO ] 2022-07-06 08:35:32.981 [main] creatingUser - Test Execution Started
[INFO ] 2022-07-06 08:37:20.847 [main] creatingUser - Test Execution Started
[INFO ] 2022-07-06 08:38:11.726 [main] creatingUser - Test Execution Started
[INFO ] 2022-07-06 08:40:38.694 [main] creatingUser - Test Execution Started
[INFO ] 2022-07-06 08:44:15.181 [main] creatingUser - Test Execution Started
[INFO ] 2022-07-06 08:48:14.034 [main] creatingUser - Test Execution Started
[INFO ] 2022-07-06 08:51:02.888 [main] creatingUser - Test Execution Started
[INFO ] 2022-07-06 08:53:32.153 [main] creatingUser - Test Execution Started
[INFO ] 2022-07-06 08:53:48.475 [main] creatingUser - New User creation is done successfully
[INFO ] 2022-07-06 08:58:07.011 [main] creatingUser - Test Execution Started
[INFO ] 2022-07-06 08:58:35.403 [main] creatingUser - New User creation is done successfully
[INFO ] 2022-07-06 09:07:49.203 [main] creatingUser - Test Execution Started
[INFO ] 2022-07-06 23:12:18.189 [main] creatingUser - Test Execution Started
[INFO ] 2022-07-06 23:15:23.754 [main] creatingUser - Test Execution Started
[INFO ] 2022-07-06 23:16:17.766 [main] creatingUser - Test Execution Started
[INFO ] 2022-07-06 23:19:23.590 [main] creatingUser - Test Execution Started
[INFO ] 2022-07-06 23:21:34.245 [main] creatingUser - Test Execution Started
[INFO ] 2022-07-06 23:25:14.143 [main] creatingUser - Test Execution Started
[INFO ] 2022-07-06 23:26:07.609 [main] creatingUser - Test Execution Started
[INFO ] 2022-07-06 23:29:21.545 [main] creatingUser - Test Execution Started
[INFO ] 2022-07-06 23:29:35.049 [main] creatingUser - New User creation is done successfully
[INFO ] 2022-07-06 23:31:17.580 [main] creatingUser - Test Execution Started
[INFO ] 2022-07-06 23:31:31.449 [main] creatingUser - New User creation is done successfully
[INFO ] 2022-07-06 23:31:33.643 [main] creatingUser - Test Execution Started
[INFO ] 2022-07-06 23:33:48.372 [main] creatingUser - Test Execution Started
[INFO ] 2022-07-06 23:37:44.331 [main] creatingUser - New User creation is done successfully
[INFO ] 2022-07-06 23:37:55.633 [main] creatingUser - Test Execution Started
[INFO ] 2022-07-06 23:42:30.239 [main] creatingUser - Test Execution Started
[INFO ] 2022-07-06 23:42:44.482 [main] creatingUser - New User creation is done successfully
[INFO ] 2022-07-06 23:42:46.579 [main] creatingUser - Test Execution Started
[INFO ] 2022-07-06 23:46:32.860 [TestNG-test=Test-2] creatingUser - Test Execution Started
[INFO ] 2022-07-06 23:46:51.446 [TestNG-test=Test-1] creatingUser - New User creation is done successfully
[INFO ] 2022-07-06 23:58:18.574 [TestNG-test=Test-1] creatingUser - Test Execution Started
[INFO ] 2022-07-07 00:01:33.574 [main] creatingUser - Test Execution Started
[INFO ] 2022-07-07 00:01:49.921 [main] creatingUser - New User creation is done successfully
[INFO ] 2022-07-07 00:01:52.216 [main] creatingUser - Test Execution Started
[INFO ] 2022-07-07 00:03:35.163 [main] creatingUser - Test Execution Started
[INFO ] 2022-07-07 00:05:15.837 [main] creatingUser - Test Execution Started
[INFO ] 2022-07-07 00:05:20.648 [main] creatingUser - Test Execution Started
[INFO ] 2022-07-07 00:27:54.281 [main] creatingUser - Test Execution Started
[INFO ] 2022-07-07 00:40:39.796 [main] creatingUser - Test Execution Started
[INFO ] 2022-07-07 00:41:50.039 [main] creatingUser - Test Execution Started
[INFO ] 2022-07-07 08:14:03.083 [main] creatingUser - Test Execution Started
[INFO ] 2022-07-07 08:14:22.534 [main] creatingUser - New User creation is done successfully
[INFO ] 2022-07-07 08:14:26.254 [main] creatingUser - Test Execution Started
